<?xml version="1.0" encoding="UTF-8"?>
<!-- Generated by org.testng.reporters.JUnitXMLReporter -->
<testsuite ignored="14" hostname="Lenovo" failures="0" tests="1" name="Default test" time="21.51" errors="0" timestamp="2025-01-11T19:12:01 PKT">
  <testcase classname="tests.OpenCartTests" name="testsearch" time="13.966"/>
  <testcase classname="tests.OpenCartTests" name="testcarthighboundary" time="0.0">
    <ignored/>
  </testcase> <!-- testcarthighboundary -->
  <testcase classname="tests.OpenCartTests" name="testRegWithSpecialCharacters" time="0.0">
    <ignored/>
  </testcase> <!-- testRegWithSpecialCharacters -->
  <testcase classname="tests.OpenCartTests" name="testloginspaces" time="0.0">
    <ignored/>
  </testcase> <!-- testloginspaces -->
  <testcase classname="tests.OpenCartTests" name="testcamaddtocart" time="0.0">
    <ignored/>
  </testcase> <!-- testcamaddtocart -->
  <testcase classname="tests.OpenCartTests" name="teststock" time="0.0">
    <ignored/>
  </testcase> <!-- teststock -->
  <testcase classname="tests.OpenCartTests" name="testcartvalidation" time="0.0">
    <ignored/>
  </testcase> <!-- testcartvalidation -->
  <testcase classname="tests.OpenCartTests" name="testlogin" time="0.0">
    <ignored/>
  </testcase> <!-- testlogin -->
  <testcase classname="tests.OpenCartTests" name="testloginspecialchars" time="0.0">
    <ignored/>
  </testcase> <!-- testloginspecialchars -->
  <testcase classname="tests.OpenCartTests" name="testRegWithSpaces" time="0.0">
    <ignored/>
  </testcase> <!-- testRegWithSpaces -->
  <testcase classname="tests.OpenCartTests" name="testaddtocartitems" time="0.0">
    <ignored/>
  </testcase> <!-- testaddtocartitems -->
  <testcase classname="tests.OpenCartTests" name="testcartdeletion" time="0.0">
    <ignored/>
  </testcase> <!-- testcartdeletion -->
  <testcase classname="tests.OpenCartTests" name="testReg" time="0.0">
    <ignored/>
  </testcase> <!-- testReg -->
  <testcase classname="tests.OpenCartTests" name="testcartlowboundary" time="0.0">
    <ignored/>
  </testcase> <!-- testcartlowboundary -->
  <testcase classname="tests.OpenCartTests" name="testcartnegativeboundary" time="0.0">
    <ignored/>
  </testcase> <!-- testcartnegativeboundary -->
</testsuite> <!-- Default test -->
